<?xml version="1.0" encoding="UTF-8"?>
<testng-results skipped="0" failed="0" total="1" passed="1">
  <reporter-output>
  </reporter-output>
  <suite name="Default suite" duration-ms="3716" started-at="2021-07-30T02:53:11Z" finished-at="2021-07-30T02:53:15Z">
    <groups>
    </groups>
    <test name="Default test" duration-ms="3716" started-at="2021-07-30T02:53:11Z" finished-at="2021-07-30T02:53:15Z">
      <class name="test.DropDownTest">
        <test-method status="PASS" signature="DropDown()[pri:0, instance:test.DropDownTest@457e2f02]" name="DropDown" duration-ms="3681" started-at="2021-07-29T22:53:11Z" finished-at="2021-07-29T22:53:15Z">
          <reporter-output>
          </reporter-output>
        </test-method> <!-- DropDown -->
      </class> <!-- test.DropDownTest -->
    </test> <!-- Default test -->
  </suite> <!-- Default suite -->
</testng-results>
